2021-12-07 18:35:47,423 - root - INFO - Verifying  DDt Test Login
2021-12-07 18:37:26,585 - root - INFO - Verifying  DDt Test Login
2021-12-07 18:37:33,366 - root - INFO - Login DDT Test Passed
2021-12-07 18:38:52,978 - root - INFO - Verifying  DDt Test Login
2021-12-07 18:39:57,907 - root - INFO - Verifying  DDt Test Login
2021-12-07 18:40:13,391 - root - INFO - Login DDT Test Passed
2021-12-07 18:40:39,322 - root - INFO - Verifying  DDt Test Login
2021-12-07 18:40:51,198 - root - INFO - Login DDT Test Passed
2021-12-07 18:43:58,974 - root - INFO - Verifying  DDt Test Login
2021-12-07 18:44:11,306 - root - INFO - Passed
2021-12-07 18:44:13,710 - root - INFO - Login DDT Test Passed
2021-12-07 18:45:43,018 - root - INFO - Verifying  DDt Test Login
2021-12-07 18:45:56,305 - root - INFO - Passed
2021-12-07 18:46:04,563 - root - INFO - Passed
2021-12-07 18:47:08,130 - root - INFO - Verifying  DDt Test Login
2021-12-07 18:47:20,884 - root - INFO - Passed
2021-12-07 18:47:28,171 - root - INFO - Passed
2021-12-07 18:51:21,175 - root - INFO - Verifying  DDt Test Login
2021-12-07 18:52:34,754 - root - INFO - Verifying  DDt Test Login
2021-12-07 18:52:47,416 - root - INFO - Passed
2021-12-07 18:52:56,228 - root - INFO - Passed
2021-12-07 18:54:26,583 - root - INFO - Verifying  DDt Test Login
2021-12-09 12:15:41,768 - root - INFO - Verifying  DDt Test Login
2021-12-09 12:15:58,276 - root - INFO - Passed
2021-12-09 12:16:07,611 - root - INFO - Passed
2021-12-09 12:16:13,630 - root - INFO - Passed
2021-12-09 12:16:13,630 - root - INFO - Login DDT Test Passed
2021-12-09 13:30:20,031 - root - INFO - Verifying  Test Login
2021-12-09 13:30:20,031 - root - INFO - Verifying  Test Login
2021-12-09 13:31:15,784 - root - INFO - Verifying  Test Login
2021-12-09 13:31:15,784 - root - INFO - Verifying  Test Login
2021-12-09 13:31:26,546 - root - INFO - Verifying  Test Login passed
2021-12-09 13:31:26,546 - root - INFO - Verifying  Test Login passed
2021-12-09 13:36:58,498 - root - INFO - Verifying  Test Login
2021-12-09 13:36:58,498 - root - INFO - Verifying  Test Login
2021-12-09 13:38:01,348 - root - INFO - Verifying  Test Login passed
2021-12-09 13:38:01,348 - root - INFO - Verifying  Test Login passed
2021-12-16 23:24:23,193 - root - INFO - Verifying  Test Login
2021-12-16 23:24:23,193 - root - INFO - Verifying  Test Login
2021-12-16 23:24:33,289 - root - INFO - Verifying  Test Login passed
2021-12-16 23:24:33,289 - root - INFO - Verifying  Test Login passed
